[2019-12-26T10:59:56+08:00][info] [ VIEW ] E:\wamp64\www\web\tpcrmeb312\public\index.html [ array (
) ]
[2019-12-26T11:00:03+08:00][sql] CONNECT:[ UseTime:0.002000s ] mysql:host=localhost;port=3306;dbname=tpcrmeb312;charset=utf8
[2019-12-26T11:00:03+08:00][sql] SHOW FULL COLUMNS FROM `eb_user_token` [ RunTime:0.005000s ]
[2019-12-26T11:00:03+08:00][sql] SELECT * FROM `eb_user_token` WHERE  `token` IS NULL LIMIT 1 [ RunTime:0.001000s ]
[2019-12-26T11:00:03+08:00][sql] SHOW FULL COLUMNS FROM `eb_system_config` [ RunTime:0.004000s ]
[2019-12-26T11:00:03+08:00][sql] SELECT `menu_name`,`value` FROM `eb_system_config` [ RunTime:0.001000s ]
[2019-12-26T11:00:03+08:00][sql] SELECT * FROM `eb_system_config` WHERE  `menu_name` = 'cache_config' LIMIT 1 [ RunTime:0.001000s ]
[2019-12-26T11:00:03+08:00][sql] CONNECT:[ UseTime:0.002000s ] mysql:host=localhost;port=3306;dbname=tpcrmeb312;charset=utf8
[2019-12-26T11:00:03+08:00][sql] SHOW FULL COLUMNS FROM `eb_user_token` [ RunTime:0.005000s ]
[2019-12-26T11:00:03+08:00][sql] SELECT * FROM `eb_user_token` WHERE  `token` IS NULL LIMIT 1 [ RunTime:0.001000s ]
[2019-12-26T11:00:03+08:00][sql] SHOW FULL COLUMNS FROM `eb_system_group_data` [ RunTime:0.003001s ]
[2019-12-26T11:00:03+08:00][sql] SELECT `a`.*,`b`.`config_name` FROM `eb_system_group_data` `a` INNER JOIN `eb_system_group` `b` ON `a`.`gid`=`b`.`id` WHERE  `b`.`config_name` = 'routine_home_banner'  AND `a`.`status` = 1 ORDER BY `sort` DESC,`id` ASC [ RunTime:0.004000s ]
[2019-12-26T11:00:03+08:00][sql] SELECT `a`.*,`b`.`config_name` FROM `eb_system_group_data` `a` INNER JOIN `eb_system_group` `b` ON `a`.`gid`=`b`.`id` WHERE  `b`.`config_name` = 'routine_home_menus'  AND `a`.`status` = 1 ORDER BY `sort` DESC,`id` ASC [ RunTime:0.001000s ]
[2019-12-26T11:00:03+08:00][sql] SELECT `a`.*,`b`.`config_name` FROM `eb_system_group_data` `a` INNER JOIN `eb_system_group` `b` ON `a`.`gid`=`b`.`id` WHERE  `b`.`config_name` = 'routine_home_roll_news'  AND `a`.`status` = 1 ORDER BY `sort` DESC,`id` ASC [ RunTime:0.001000s ]
[2019-12-26T11:00:03+08:00][sql] SELECT `a`.*,`b`.`config_name` FROM `eb_system_group_data` `a` INNER JOIN `eb_system_group` `b` ON `a`.`gid`=`b`.`id` WHERE  `b`.`config_name` = 'routine_home_activity'  AND `a`.`status` = 1 ORDER BY `sort` DESC,`id` ASC LIMIT 3 [ RunTime:0.001000s ]
[2019-12-26T11:00:03+08:00][sql] SELECT `a`.*,`b`.`config_name` FROM `eb_system_group_data` `a` INNER JOIN `eb_system_group` `b` ON `a`.`gid`=`b`.`id` WHERE  `b`.`config_name` = 'routine_index_page'  AND `a`.`status` = 1 ORDER BY `sort` DESC,`id` ASC [ RunTime:0.001000s ]
[2019-12-26T11:00:03+08:00][sql] SHOW FULL COLUMNS FROM `eb_store_category` [ RunTime:0.002000s ]
[2019-12-26T11:00:03+08:00][sql] SELECT `id`,`cate_name`,`pid`,`pic` FROM `eb_store_category` WHERE  `pid` > 0  AND `is_show` = 1 ORDER BY `sort` DESC LIMIT 10 [ RunTime:0.000000s ]
[2019-12-26T11:00:03+08:00][sql] SHOW FULL COLUMNS FROM `eb_store_product` [ RunTime:0.004001s ]
[2019-12-26T11:00:03+08:00][sql] SELECT id,image,store_name,cate_id,price,ot_price,IFNULL(sales,0) + IFNULL(ficti,0) as sales,unit_name FROM `eb_store_product` WHERE  `is_best` = 1  AND `is_del` = 0  AND `mer_id` = 0  AND `stock` > 0  AND `is_show` = 1 ORDER BY `sort` DESC,`id` DESC LIMIT 10 [ RunTime:0.000000s ]
[2019-12-26T11:00:03+08:00][sql] SHOW FULL COLUMNS FROM `eb_user_level` [ RunTime:0.003000s ]
[2019-12-26T11:00:03+08:00][sql] SELECT `level_id`,`is_forever`,`valid_time`,`id`,`status`,`grade` FROM `eb_user_level` WHERE  `status` = 1  AND `is_del` = 0  AND `uid` = 0 ORDER BY `grade` DESC LIMIT 1 [ RunTime:0.001000s ]
[2019-12-26T11:00:03+08:00][sql] SHOW FULL COLUMNS FROM `eb_system_user_level` [ RunTime:0.003000s ]
[2019-12-26T11:00:03+08:00][sql] SELECT `discount` FROM `eb_system_user_level` WHERE  `is_show` = 1  AND `is_del` = 0 ORDER BY `grade` ASC LIMIT 1 [ RunTime:0.001001s ]
[2019-12-26T11:00:03+08:00][sql] SELECT id,image,store_name,cate_id,price,unit_name,IFNULL(sales,0) + IFNULL(ficti,0) as sales FROM `eb_store_product` WHERE  `is_new` = 1  AND `is_del` = 0  AND `mer_id` = 0  AND `stock` > 0  AND `is_show` = 1 ORDER BY `sort` DESC,`id` DESC LIMIT 10 [ RunTime:0.000000s ]
[2019-12-26T11:00:03+08:00][sql] SELECT `level_id`,`is_forever`,`valid_time`,`id`,`status`,`grade` FROM `eb_user_level` WHERE  `status` = 1  AND `is_del` = 0  AND `uid` = 0 ORDER BY `grade` DESC LIMIT 1 [ RunTime:0.001000s ]
[2019-12-26T11:00:03+08:00][sql] SELECT `discount` FROM `eb_system_user_level` WHERE  `is_show` = 1  AND `is_del` = 0 ORDER BY `grade` ASC LIMIT 1 [ RunTime:0.001000s ]
[2019-12-26T11:00:03+08:00][sql] SELECT `a`.*,`b`.`config_name` FROM `eb_system_group_data` `a` INNER JOIN `eb_system_group` `b` ON `a`.`gid`=`b`.`id` WHERE  `b`.`config_name` = 'routine_home_bast_banner'  AND `a`.`status` = 1 ORDER BY `sort` DESC,`id` ASC [ RunTime:0.000000s ]
[2019-12-26T11:00:03+08:00][sql] SELECT `id`,`image`,`store_name`,`cate_id`,`price`,`ot_price`,`stock`,`unit_name` FROM `eb_store_product` WHERE  `is_benefit` = 1  AND `is_del` = 0  AND `mer_id` = 0  AND `stock` > 0  AND `is_show` = 1 ORDER BY `sort` DESC,`id` DESC LIMIT 3 [ RunTime:0.001000s ]
[2019-12-26T11:00:03+08:00][sql] SELECT `a`.*,`b`.`config_name` FROM `eb_system_group_data` `a` INNER JOIN `eb_system_group` `b` ON `a`.`gid`=`b`.`id` WHERE  `b`.`config_name` = 'routine_home_new_banner'  AND `a`.`status` = 1 ORDER BY `sort` DESC,`id` ASC [ RunTime:0.000000s ]
[2019-12-26T11:00:03+08:00][sql] SELECT `id`,`image`,`store_name`,`cate_id`,`price`,`unit_name` FROM `eb_store_product` WHERE  `is_hot` = 1  AND `is_del` = 0  AND `mer_id` = 0  AND `stock` > 0  AND `is_show` = 1 ORDER BY `sort` DESC,`id` DESC LIMIT 3 [ RunTime:0.000000s ]
[2019-12-26T11:00:03+08:00][sql] SELECT `level_id`,`is_forever`,`valid_time`,`id`,`status`,`grade` FROM `eb_user_level` WHERE  `status` = 1  AND `is_del` = 0  AND `uid` = 0 ORDER BY `grade` DESC LIMIT 1 [ RunTime:0.001000s ]
[2019-12-26T11:00:03+08:00][sql] SELECT `discount` FROM `eb_system_user_level` WHERE  `is_show` = 1  AND `is_del` = 0 ORDER BY `grade` ASC LIMIT 1 [ RunTime:0.001000s ]
[2019-12-26T11:00:03+08:00][sql] SHOW FULL COLUMNS FROM `eb_store_coupon_issue` [ RunTime:0.003000s ]
[2019-12-26T11:00:03+08:00][sql] SELECT `A`.*,`B`.`coupon_price`,`B`.`use_min_price` FROM `eb_store_coupon_issue` `A` INNER JOIN `eb_store_coupon` `B` ON `A`.`cid`=`B`.`id` WHERE  `A`.`status` = 1  AND (  (  `A`.`start_time` < 1577329203  AND `A`.`end_time` > 1577329203 ) OR (  `A`.`start_time` = 0  AND `A`.`end_time` = 0 ) )  AND `A`.`is_del` = 0  AND ( A.remain_count > 0 OR A.is_permanent = 1 ) ORDER BY `B`.`sort` DESC,`A`.`id` DESC LIMIT 3 [ RunTime:0.003000s ]
[2019-12-26T11:00:03+08:00][sql] SHOW FULL COLUMNS FROM `eb_wechat_user` [ RunTime:0.003000s ]
[2019-12-26T11:00:03+08:00][sql] SELECT `subscribe` FROM `eb_wechat_user` WHERE  `uid` = 0 LIMIT 1 [ RunTime:0.001000s ]
[2019-12-26T11:00:13+08:00][info] [ VIEW ] E:\wamp64\www\web\tpcrmeb312\app\admin\view\login\index.php [ array (
) ]
[2019-12-26T11:00:23+08:00][sql] CONNECT:[ UseTime:0.002000s ] mysql:host=localhost;port=3306;dbname=tpcrmeb312;charset=utf8
[2019-12-26T11:00:23+08:00][sql] SHOW FULL COLUMNS FROM `eb_system_admin` [ RunTime:0.003001s ]
[2019-12-26T11:00:23+08:00][sql] SELECT * FROM `eb_system_admin` WHERE  `id` = 1 LIMIT 1 [ RunTime:0.000000s ]
[2019-12-26T11:00:23+08:00][sql] SHOW FULL COLUMNS FROM `eb_system_menus` [ RunTime:0.004000s ]
[2019-12-26T11:00:23+08:00][sql] SELECT `module`,`controller`,`action`,`params` FROM `eb_system_menus` WHERE  ( `controller` <> '' OR `action` <> '' ) [ RunTime:0.001000s ]
[2019-12-26T11:00:23+08:00][sql] SHOW FULL COLUMNS FROM `eb_system_config` [ RunTime:0.004000s ]
[2019-12-26T11:00:23+08:00][sql] SELECT * FROM `eb_system_config` WHERE  `menu_name` = 'site_logo' LIMIT 1 [ RunTime:0.000000s ]
[2019-12-26T11:00:23+08:00][sql] SELECT * FROM `eb_system_menus` WHERE  `is_show` = 1  AND `access` = 1 ORDER BY `sort` DESC [ RunTime:0.001001s ]
[2019-12-26T11:00:23+08:00][sql] SHOW FULL COLUMNS FROM `eb_system_role` [ RunTime:0.004000s ]
[2019-12-26T11:00:23+08:00][sql] SELECT `role_name` FROM `eb_system_role` WHERE  `id` = 1 LIMIT 1 [ RunTime:0.001000s ]
[2019-12-26T11:00:23+08:00][info] [ VIEW ] E:\wamp64\www\web\tpcrmeb312\app\admin\view\index\index.php [ array (
  0 => '_admin',
  1 => 'menuList',
  2 => 'site_logo',
  3 => 'new_order_audio_link',
  4 => 'role_name',
) ]
[2019-12-26T11:00:24+08:00][sql] CONNECT:[ UseTime:0.014000s ] mysql:host=localhost;port=3306;dbname=tpcrmeb312;charset=utf8
[2019-12-26T11:00:24+08:00][sql] SHOW FULL COLUMNS FROM `eb_system_admin` [ RunTime:0.005001s ]
[2019-12-26T11:00:24+08:00][sql] SELECT * FROM `eb_system_admin` WHERE  `id` = 1 LIMIT 1 [ RunTime:0.001000s ]
[2019-12-26T11:00:24+08:00][sql] SHOW FULL COLUMNS FROM `eb_system_menus` [ RunTime:0.006000s ]
[2019-12-26T11:00:24+08:00][sql] SELECT `module`,`controller`,`action`,`params` FROM `eb_system_menus` WHERE  ( `controller` <> '' OR `action` <> '' ) [ RunTime:0.004001s ]
[2019-12-26T11:00:24+08:00][sql] SHOW FULL COLUMNS FROM `eb_store_order` [ RunTime:0.006001s ]
[2019-12-26T11:00:24+08:00][sql] SELECT COUNT(*) AS think_count FROM `eb_store_order` WHERE  `status` = 0  AND `paid` = 1  AND `refund_status` = 0 [ RunTime:0.001000s ]
[2019-12-26T11:00:24+08:00][sql] SELECT COUNT(*) AS think_count FROM `eb_store_order` WHERE  `paid` = 1  AND `refund_status` = 1 [ RunTime:0.001000s ]
[2019-12-26T11:00:24+08:00][sql] SHOW FULL COLUMNS FROM `eb_system_config` [ RunTime:0.005000s ]
[2019-12-26T11:00:24+08:00][sql] SELECT * FROM `eb_system_config` WHERE  `menu_name` = 'store_stock' LIMIT 1 [ RunTime:0.001000s ]
[2019-12-26T11:00:24+08:00][sql] SELECT * FROM `eb_system_config` WHERE  `menu_name` = 'store_stock' LIMIT 1 [ RunTime:0.002001s ]
[2019-12-26T11:00:24+08:00][sql] SHOW FULL COLUMNS FROM `eb_store_product` [ RunTime:0.006000s ]
[2019-12-26T11:00:24+08:00][sql] SELECT COUNT(*) AS think_count FROM `eb_store_product` WHERE  `stock` <= 2  AND `is_show` = 1  AND `is_del` = 0 [ RunTime:0.001000s ]
[2019-12-26T11:00:24+08:00][sql] SHOW FULL COLUMNS FROM `eb_user_extract` [ RunTime:0.005001s ]
[2019-12-26T11:00:24+08:00][sql] SELECT COUNT(*) AS think_count FROM `eb_user_extract` WHERE  `status` = 0 [ RunTime:0.001000s ]
[2019-12-26T11:00:24+08:00][sql] SELECT COUNT(*) AS think_count FROM `eb_store_order` WHERE  `paid` = 1  AND `pay_time` BETWEEN 1577203200 AND 1577289599 [ RunTime:0.001000s ]
[2019-12-26T11:00:24+08:00][sql] SELECT COUNT(*) AS think_count FROM `eb_store_order` WHERE  `paid` = 1  AND `pay_time` > 1577203200  AND `pay_time` < 1577289600 [ RunTime:0.001000s ]
[2019-12-26T11:00:24+08:00][sql] SELECT SUM(`pay_price`) AS think_sum FROM `eb_store_order` WHERE  `paid` = 1  AND `pay_time` BETWEEN 1577203200 AND 1577289599 [ RunTime:0.001000s ]
[2019-12-26T11:00:24+08:00][sql] SELECT SUM(`pay_price`) AS think_sum FROM `eb_store_order` WHERE  `paid` = 1  AND `pay_time` > 1577116800  AND `pay_time` < 1577203200 [ RunTime:0.000000s ]
[2019-12-26T11:00:24+08:00][sql] SELECT SUM(`pay_price`) AS think_sum FROM `eb_store_order` WHERE  `paid` = 1  AND `pay_time` BETWEEN 1575129600 AND 1577807999 [ RunTime:0.001000s ]
[2019-12-26T11:00:24+08:00][sql] SELECT sum(pay_price) FROM `eb_store_order` WHERE  `paid` = 1  AND `pay_time` > 1572537600  AND `pay_time` < 1575129600 LIMIT 1 [ RunTime:0.001000s ]
[2019-12-26T11:00:24+08:00][sql] SHOW FULL COLUMNS FROM `eb_user` [ RunTime:0.004000s ]
[2019-12-26T11:00:24+08:00][sql] SELECT COUNT(*) AS think_count FROM `eb_user` WHERE  `add_time` > 1577289600 [ RunTime:0.001000s ]
[2019-12-26T11:00:24+08:00][sql] SELECT COUNT(*) AS think_count FROM `eb_user` WHERE  `add_time` > 1577203200  AND `add_time` < 1577289600 [ RunTime:0.001000s ]
[2019-12-26T11:00:24+08:00][sql] SELECT COUNT(*) AS think_count FROM `eb_user` WHERE  `add_time` > 1575129600 [ RunTime:0.001000s ]
[2019-12-26T11:00:24+08:00][sql] SELECT COUNT(*) AS think_count FROM `eb_user` WHERE  `add_time` > 1572537600  AND `add_time` < 1575129600 [ RunTime:0.001000s ]
[2019-12-26T11:00:24+08:00][sql] SELECT COUNT(*) AS think_count FROM `eb_store_order` WHERE  `add_time` > 1575129600 [ RunTime:0.000000s ]
[2019-12-26T11:00:24+08:00][sql] SELECT COUNT(*) AS think_count FROM `eb_store_order` WHERE  `add_time` > 1572537600  AND `add_time` < 1575129600 [ RunTime:0.000000s ]
[2019-12-26T11:00:24+08:00][sql] SELECT COUNT(*) AS think_count FROM `eb_store_order` WHERE  `add_time` > 1572537600  AND `add_time` < 1575129600 [ RunTime:0.001001s ]
[2019-12-26T11:00:24+08:00][sql] SELECT COUNT(*) AS think_count FROM `eb_store_order` WHERE  `add_time` > 1569859200  AND `add_time` < 1572537600 [ RunTime:0.000000s ]
[2019-12-26T11:00:24+08:00][info] [ VIEW ] E:\wamp64\www\web\tpcrmeb312\app\admin\view\index\main.php [ array (
  0 => '_admin',
  1 => 'first_line',
  2 => 'second_line',
  3 => 'topData',
) ]
[2019-12-26T11:00:24+08:00][sql] CONNECT:[ UseTime:0.011000s ] mysql:host=localhost;port=3306;dbname=tpcrmeb312;charset=utf8
[2019-12-26T11:00:24+08:00][sql] SHOW FULL COLUMNS FROM `eb_system_admin` [ RunTime:0.006001s ]
[2019-12-26T11:00:24+08:00][sql] SELECT * FROM `eb_system_admin` WHERE  `id` = 1 LIMIT 1 [ RunTime:0.001000s ]
[2019-12-26T11:00:24+08:00][sql] SHOW FULL COLUMNS FROM `eb_system_menus` [ RunTime:0.004000s ]
[2019-12-26T11:00:24+08:00][sql] SELECT `module`,`controller`,`action`,`params` FROM `eb_system_menus` WHERE  ( `controller` <> '' OR `action` <> '' ) [ RunTime:0.002000s ]
[2019-12-26T11:00:24+08:00][sql] SHOW FULL COLUMNS FROM `eb_store_order` [ RunTime:0.004001s ]
[2019-12-26T11:00:24+08:00][sql] SELECT COUNT(*) AS think_count FROM `eb_store_order` WHERE  `paid` = 1  AND `status` = 0  AND `shipping_type` = 1  AND `refund_status` = 0  AND `is_del` = 0 [ RunTime:0.001000s ]
[2019-12-26T11:00:24+08:00][sql] SHOW FULL COLUMNS FROM `eb_system_config` [ RunTime:0.006000s ]
[2019-12-26T11:00:24+08:00][sql] SELECT * FROM `eb_system_config` WHERE  `menu_name` = 'store_stock' LIMIT 1 [ RunTime:0.001000s ]
[2019-12-26T11:00:24+08:00][sql] SELECT * FROM `eb_system_config` WHERE  `menu_name` = 'store_stock' LIMIT 1 [ RunTime:0.000000s ]
[2019-12-26T11:00:24+08:00][sql] SHOW FULL COLUMNS FROM `eb_store_product` [ RunTime:0.005000s ]
[2019-12-26T11:00:24+08:00][sql] SELECT COUNT(*) AS think_count FROM `eb_store_product` WHERE  `stock` <= 2  AND `is_show` = 1  AND `is_del` = 0 [ RunTime:0.002000s ]
[2019-12-26T11:00:24+08:00][sql] SHOW FULL COLUMNS FROM `eb_store_product_reply` [ RunTime:0.004000s ]
[2019-12-26T11:00:24+08:00][sql] SELECT COUNT(*) AS think_count FROM `eb_store_product_reply` WHERE  `is_reply` = 0 [ RunTime:0.001001s ]
[2019-12-26T11:00:24+08:00][sql] SHOW FULL COLUMNS FROM `eb_user_extract` [ RunTime:0.004000s ]
[2019-12-26T11:00:24+08:00][sql] SELECT COUNT(*) AS think_count FROM `eb_user_extract` WHERE  `status` = 0 [ RunTime:0.001000s ]
[2019-12-26T11:00:24+08:00][sql] SELECT `id`,`order_id` FROM `eb_store_order` WHERE  `paid` = 1  AND `status` = 0  AND `shipping_type` = 1  AND `refund_status` = 0  AND `is_del` = 0  AND `is_remind` = 0 [ RunTime:0.000000s ]
[2019-12-26T11:00:24+08:00][sql] CONNECT:[ UseTime:0.011001s ] mysql:host=localhost;port=3306;dbname=tpcrmeb312;charset=utf8
[2019-12-26T11:00:24+08:00][sql] SHOW FULL COLUMNS FROM `eb_system_admin` [ RunTime:0.004000s ]
[2019-12-26T11:00:24+08:00][sql] SELECT * FROM `eb_system_admin` WHERE  `id` = 1 LIMIT 1 [ RunTime:0.001000s ]
[2019-12-26T11:00:24+08:00][sql] SHOW FULL COLUMNS FROM `eb_system_menus` [ RunTime:0.002000s ]
[2019-12-26T11:00:24+08:00][sql] SELECT `module`,`controller`,`action`,`params` FROM `eb_system_menus` WHERE  ( `controller` <> '' OR `action` <> '' ) [ RunTime:0.001000s ]
[2019-12-26T11:00:24+08:00][sql] SHOW FULL COLUMNS FROM `eb_user` [ RunTime:0.004001s ]
[2019-12-26T11:00:24+08:00][sql] SELECT FROM_UNIXTIME(add_time,'%m-%e') as day,count(*) as count FROM `eb_user` WHERE  `add_time` BETWEEN 1574697600 AND 1577289600 GROUP BY FROM_UNIXTIME(add_time,'%Y%m%e') ORDER BY `add_time` ASC [ RunTime:0.001000s ]
[2019-12-26T11:00:24+08:00][sql] CONNECT:[ UseTime:0.001000s ] mysql:host=localhost;port=3306;dbname=tpcrmeb312;charset=utf8
[2019-12-26T11:00:24+08:00][sql] SHOW FULL COLUMNS FROM `eb_system_admin` [ RunTime:0.004000s ]
[2019-12-26T11:00:24+08:00][sql] SELECT * FROM `eb_system_admin` WHERE  `id` = 1 LIMIT 1 [ RunTime:0.001000s ]
[2019-12-26T11:00:24+08:00][sql] SHOW FULL COLUMNS FROM `eb_system_menus` [ RunTime:0.004000s ]
[2019-12-26T11:00:24+08:00][sql] SELECT `module`,`controller`,`action`,`params` FROM `eb_system_menus` WHERE  ( `controller` <> '' OR `action` <> '' ) [ RunTime:0.001000s ]
[2019-12-26T11:00:24+08:00][sql] SHOW FULL COLUMNS FROM `eb_store_order` [ RunTime:0.003000s ]
[2019-12-26T11:00:24+08:00][sql] SELECT FROM_UNIXTIME(add_time,'%m-%d') as day,count(*) as count,sum(pay_price) as price FROM `eb_store_order` WHERE  `add_time` BETWEEN 1574697600 AND 1577289600 GROUP BY FROM_UNIXTIME(add_time,'%Y%m%d') ORDER BY `add_time` ASC [ RunTime:0.001000s ]
